mode: set
projectshell/initializer.go:144.27,149.6 3 0
projectshell/initializer.go:149.6,153.24 3 0
projectshell/initializer.go:153.24,155.4 1 0
projectshell/initializer.go:156.3,158.22 2 0
projectshell/initializer.go:158.22,159.9 1 0
projectshell/initializer.go:162.3,164.39 2 0
projectshell/initializer.go:164.39,166.12 2 0
projectshell/initializer.go:170.3,171.21 2 0
projectshell/initializer.go:171.21,172.12 1 0
projectshell/initializer.go:175.3,178.23 3 0
projectshell/initializer.go:178.23,180.4 1 0
projectshell/initializer.go:182.3,182.39 1 0
projectshell/initializer.go:182.39,186.21 3 0
projectshell/initializer.go:186.21,188.10 2 0
projectshell/initializer.go:190.9,191.40 1 0
projectshell/initializer.go:191.40,194.5 1 0
projectshell/initializer.go:198.3,198.23 1 0
projectshell/initializer.go:198.23,200.4 1 0
projectshell/initializer.go:203.2,203.36 1 0
projectshell/initializer.go:208.31,209.20 1 0
projectshell/initializer.go:209.20,212.3 2 0
projectshell/initializer.go:212.7,214.3 1 0
projectshell/initializer.go:218.61,219.27 1 0
projectshell/initializer.go:219.27,221.3 1 0
projectshell/initializer.go:221.8,222.86 1 0
projectshell/initializer.go:222.86,224.4 1 0
projectshell/initializer.go:229.60,230.27 1 0
projectshell/initializer.go:230.27,231.72 1 0
projectshell/initializer.go:231.72,233.4 1 0
projectshell/initializer.go:234.3,234.36 1 0
projectshell/initializer.go:235.8,237.3 1 0
projectshell/main.go:9.13,13.25 3 0
projectshell/main.go:13.25,15.3 1 0
projectshell/src/databases/database.go:25.13,45.16 6 0
projectshell/src/databases/database.go:45.16,47.13 2 0
projectshell/src/databases/database.go:50.2,53.137 2 0
projectshell/src/databases/database.go:56.23,58.2 1 0
projectshell/src/databases/database.go:62.29,64.2 1 0
projectshell/src/databases/database.go:66.41,69.16 3 0
projectshell/src/databases/database.go:69.16,70.43 1 0
projectshell/src/databases/database.go:73.2,73.54 1 0
projectshell/src/databases/database.go:73.54,74.58 1 0
projectshell/src/databases/database.go:78.27,80.2 1 0
projectshell/src/services/commands/model.go:12.35,14.2 1 0
projectshell/src/services/commands/service_cat.go:9.79,11.20 1 1
projectshell/src/services/commands/service_cat.go:11.20,14.3 2 1
projectshell/src/services/commands/service_cat.go:16.2,16.32 1 1
projectshell/src/services/commands/service_cat.go:16.32,18.17 2 1
projectshell/src/services/commands/service_cat.go:18.17,20.12 2 1
projectshell/src/services/commands/service_cat.go:22.3,24.17 3 1
projectshell/src/services/commands/service_cat.go:24.17,26.12 2 0
projectshell/src/services/commands/service_cat.go:29.3,31.21 2 1
projectshell/src/services/commands/service_cd.go:9.78,11.20 1 1
projectshell/src/services/commands/service_cd.go:11.20,14.3 2 1
projectshell/src/services/commands/service_cd.go:16.2,16.19 1 1
projectshell/src/services/commands/service_cd.go:16.19,19.3 2 1
projectshell/src/services/commands/service_cd.go:21.2,22.16 2 1
projectshell/src/services/commands/service_cd.go:22.16,25.3 2 1
projectshell/src/services/commands/service_cd.go:27.2,27.66 1 1
projectshell/src/services/commands/service_clear.go:10.81,12.22 1 1
projectshell/src/services/commands/service_clear.go:12.22,15.3 2 1
projectshell/src/services/commands/service_clear.go:17.2,18.65 2 1
projectshell/src/services/commands/service_clear.go:18.65,21.3 1 0
projectshell/src/services/commands/service_echo.go:10.80,14.33 3 1
projectshell/src/services/commands/service_echo.go:14.33,15.37 1 1
projectshell/src/services/commands/service_echo.go:15.37,18.22 2 1
projectshell/src/services/commands/service_echo.go:18.22,19.27 1 1
projectshell/src/services/commands/service_echo.go:19.27,20.19 1 1
projectshell/src/services/commands/service_echo.go:20.19,22.7 1 1
projectshell/src/services/commands/service_echo.go:24.5,26.10 3 1
projectshell/src/services/commands/service_echo.go:28.10,28.28 1 1
projectshell/src/services/commands/service_echo.go:28.28,29.27 1 1
projectshell/src/services/commands/service_echo.go:29.27,30.19 1 1
projectshell/src/services/commands/service_echo.go:30.19,31.105 1 1
projectshell/src/services/commands/service_echo.go:31.105,33.8 1 1
projectshell/src/services/commands/service_echo.go:33.13,35.8 1 1
projectshell/src/services/commands/service_echo.go:36.12,38.7 1 1
projectshell/src/services/commands/service_echo.go:40.5,42.10 3 1
projectshell/src/services/commands/service_echo.go:44.10,44.28 1 1
projectshell/src/services/commands/service_echo.go:44.28,48.10 4 1
projectshell/src/services/commands/service_echo.go:52.3,52.13 1 1
projectshell/src/services/commands/service_echo.go:52.13,53.22 1 1
projectshell/src/services/commands/service_echo.go:53.22,55.5 1 1
projectshell/src/services/commands/service_echo.go:55.10,59.5 2 0
projectshell/src/services/commands/service_execute.go:10.99,11.20 1 1
projectshell/src/services/commands/service_execute.go:11.20,14.3 2 1
projectshell/src/services/commands/service_execute.go:16.2,21.16 5 1
projectshell/src/services/commands/service_execute.go:21.16,23.3 1 0
projectshell/src/services/commands/service_exit.go:16.80,17.19 1 1
projectshell/src/services/commands/service_exit.go:18.9,19.24 1 1
projectshell/src/services/commands/service_exit.go:20.9,22.17 2 1
projectshell/src/services/commands/service_exit.go:22.17,25.4 2 1
projectshell/src/services/commands/service_exit.go:25.9,27.4 1 1
projectshell/src/services/commands/service_exit.go:28.10,30.27 2 1
projectshell/src/services/commands/service_ls.go:10.78,12.19 1 1
projectshell/src/services/commands/service_ls.go:12.19,15.3 2 1
projectshell/src/services/commands/service_ls.go:17.2,18.16 2 1
projectshell/src/services/commands/service_ls.go:18.16,21.3 2 0
projectshell/src/services/commands/service_ls.go:23.2,24.29 2 1
projectshell/src/services/commands/service_ls.go:24.29,26.3 1 1
projectshell/src/services/commands/service_ls.go:28.2,28.58 1 1
projectshell/src/services/commands/service_pwd.go:10.79,11.19 1 1
projectshell/src/services/commands/service_pwd.go:11.19,14.3 2 1
projectshell/src/services/commands/service_pwd.go:16.2,17.16 2 1
projectshell/src/services/commands/service_pwd.go:17.16,20.3 2 0
projectshell/src/services/commands/service_pwd.go:22.2,22.33 1 1
projectshell/src/services/commands/service_type.go:14.80,16.20 1 1
projectshell/src/services/commands/service_type.go:16.20,19.3 2 1
projectshell/src/services/commands/service_type.go:21.2,22.20 2 1
projectshell/src/services/commands/service_type.go:22.20,24.3 1 1
projectshell/src/services/commands/service_type.go:24.8,24.58 1 1
projectshell/src/services/commands/service_type.go:24.58,26.3 1 1
projectshell/src/services/commands/service_type.go:26.8,28.3 1 1
projectshell/src/services/commands/service_type.go:31.33,32.42 1 1
projectshell/src/services/commands/service_type.go:32.42,33.21 1 1
projectshell/src/services/commands/service_type.go:33.21,35.4 1 1
projectshell/src/services/commands/service_type.go:37.2,37.14 1 1
projectshell/src/services/commands/service_type.go:40.48,43.27 3 1
projectshell/src/services/commands/service_type.go:43.27,45.46 2 1
projectshell/src/services/commands/service_type.go:45.46,47.4 1 1
projectshell/src/services/commands/service_type.go:49.2,49.18 1 1
projectshell/src/services/output/output_manager.go:13.60,16.16 3 0
projectshell/src/services/output/output_manager.go:16.16,18.3 1 0
projectshell/src/services/output/output_manager.go:18.8,20.3 1 0
projectshell/src/services/output/output_manager.go:21.2,21.16 1 0
projectshell/src/services/output/output_manager.go:21.16,23.3 1 0
projectshell/src/services/output/output_manager.go:24.2,25.12 2 0
projectshell/src/services/output/output_manager.go:28.23,30.2 1 0
projectshell/src/services/output/output_manager.go:32.20,34.2 1 0
projectshell/src/services/output/output_manager.go:36.25,38.2 1 0
projectshell/src/services/output/output_manager.go:40.46,41.27 1 0
projectshell/src/services/output/output_manager.go:41.27,45.17 4 0
projectshell/src/services/output/output_manager.go:45.17,47.4 1 0
projectshell/src/services/output/output_manager.go:48.3,50.17 3 0
projectshell/src/services/output/output_manager.go:50.17,52.4 1 0
projectshell/src/services/output/output_manager.go:54.2,54.12 1 0
projectshell/src/services/output/redirection.go:13.53,15.35 2 0
projectshell/src/services/output/redirection.go:15.35,21.3 5 0
projectshell/src/services/output/redirection.go:21.8,21.41 1 0
projectshell/src/services/output/redirection.go:21.41,26.3 4 0
projectshell/src/services/output/redirection.go:26.8,26.43 1 0
projectshell/src/services/output/redirection.go:26.43,33.3 6 0
projectshell/src/services/output/redirection.go:33.8,33.42 1 0
projectshell/src/services/output/redirection.go:33.42,39.3 5 0
projectshell/src/services/output/redirection.go:40.2,40.13 1 0
projectshell/src/services/users/model.go:12.32,14.2 1 1
projectshell/src/services/users/service_adduser.go:11.83,13.37 1 1
projectshell/src/services/users/service_adduser.go:13.37,16.3 2 1
projectshell/src/services/users/service_adduser.go:18.2,24.49 5 1
projectshell/src/services/users/service_adduser.go:24.49,27.3 2 0
projectshell/src/services/users/service_adduser.go:29.2,29.16 1 1
projectshell/src/services/users/service_adduser.go:29.16,30.29 1 1
projectshell/src/services/users/service_adduser.go:30.29,33.4 2 1
projectshell/src/services/users/service_adduser.go:33.9,36.4 1 0
projectshell/src/services/users/service_adduser.go:39.2,40.19 2 1
projectshell/src/services/users/service_adduser.go:40.19,42.3 1 1
projectshell/src/services/users/service_adduser.go:44.2,49.50 2 1
projectshell/src/services/users/service_adduser.go:49.50,52.3 2 0
projectshell/src/services/users/service_adduser.go:54.2,54.58 1 1
projectshell/src/services/users/service_login.go:9.81,11.41 1 1
projectshell/src/services/users/service_login.go:11.41,14.3 2 1
projectshell/src/services/users/service_login.go:16.2,18.19 3 1
projectshell/src/services/users/service_login.go:18.19,20.3 1 1
projectshell/src/services/users/service_login.go:22.2,23.23 2 1
projectshell/src/services/users/service_login.go:23.23,26.3 2 1
projectshell/src/services/users/service_login.go:28.2,28.31 1 1
projectshell/src/services/users/service_login.go:28.31,30.3 1 1
projectshell/src/services/users/service_login.go:31.2,31.26 1 1
projectshell/src/services/users/service_login.go:35.64,39.105 3 1
projectshell/src/services/users/service_login.go:39.105,41.3 1 1
projectshell/src/services/users/service_login.go:43.2,43.18 1 1
projectshell/src/services/users/service_logout.go:5.82,9.23 2 1
projectshell/src/services/users/service_logout.go:9.23,11.3 1 0
projectshell/src/services/users/service_logout.go:13.2,16.21 4 1
projectshell/src/services/users/session.go:11.38,15.2 3 1
projectshell/src/services/users/session.go:18.43,23.2 4 1
projectshell/src/services/users/session.go:26.36,30.2 3 1
projectshell/src/services/users/session.go:33.38,37.2 3 1
projectshell/src/utils/common.go:10.34,13.15 2 1
projectshell/src/utils/common.go:13.15,15.3 1 0
projectshell/src/utils/common.go:17.2,18.25 2 1
projectshell/src/utils/common.go:18.25,20.3 1 0
projectshell/src/utils/common.go:21.2,21.30 1 1
projectshell/src/utils/common.go:21.30,23.3 1 1
projectshell/src/utils/common.go:24.2,24.12 1 1
projectshell/src/utils/common.go:27.38,31.81 3 1
projectshell/src/utils/common.go:31.81,33.3 1 1
projectshell/src/utils/common.go:35.2,35.19 1 1
projectshell/src/services/history/service_add_history.go:12.32,14.26 1 0
projectshell/src/services/history/service_add_history.go:14.26,16.3 1 0
projectshell/src/services/history/service_add_history.go:18.2,21.23 3 0
projectshell/src/services/history/service_add_history.go:21.23,24.3 2 0
projectshell/src/services/history/service_add_history.go:24.8,27.3 2 0
projectshell/src/services/history/service_add_history.go:30.49,38.53 3 0
projectshell/src/services/history/service_add_history.go:38.53,41.3 2 0
projectshell/src/services/history/service_history.go:121.83,124.46 2 1
projectshell/src/services/history/service_history.go:124.46,127.3 2 0
projectshell/src/services/history/service_history.go:129.2,130.16 2 1
projectshell/src/services/history/service_history.go:130.16,133.3 2 0
projectshell/src/services/history/service_history.go:135.2,135.23 1 1
projectshell/src/services/history/service_history.go:135.23,138.3 2 0
projectshell/src/services/history/service_history.go:140.2,141.50 2 1
projectshell/src/services/history/service_history.go:144.27,146.23 2 1
projectshell/src/services/history/service_history.go:146.23,148.3 1 0
projectshell/src/services/history/service_history.go:149.2,149.37 1 1
projectshell/src/services/history/service_history.go:152.69,157.2 4 1
projectshell/src/services/history/service_history.go:159.87,161.35 2 1
projectshell/src/services/history/service_history.go:161.35,162.54 1 1
projectshell/src/services/history/service_history.go:162.54,166.4 3 1
projectshell/src/services/history/service_history.go:166.9,168.4 1 1
projectshell/src/services/history/service_history.go:170.2,170.19 1 1
projectshell/src/services/history/service_history.go:173.85,179.31 4 1
projectshell/src/services/history/service_history.go:179.31,181.3 1 1
projectshell/src/services/history/service_history.go:184.58,186.31 2 1
projectshell/src/services/history/service_history.go:186.31,188.3 1 1
projectshell/src/services/history/service_history.go:189.2,189.41 1 1
projectshell/src/services/history/service_history.go:189.41,190.53 1 1
projectshell/src/services/history/service_history.go:190.53,192.4 1 0
projectshell/src/services/history/service_history.go:193.3,193.55 1 1
projectshell/src/services/history/service_history.go:195.2,195.15 1 1
