mode: set
projectshell/src/services/commands/model.go:12.35,14.2 1 0
projectshell/src/services/commands/service_cat.go:9.79,12.25 2 0
projectshell/src/services/commands/service_cat.go:12.25,14.17 2 0
projectshell/src/services/commands/service_cat.go:14.17,17.4 2 0
projectshell/src/services/commands/service_cat.go:18.3,20.17 3 0
projectshell/src/services/commands/service_cat.go:20.17,23.4 2 0
projectshell/src/services/commands/service_cat.go:24.3,24.31 1 0
projectshell/src/services/commands/service_cd.go:9.78,10.19 1 0
projectshell/src/services/commands/service_cd.go:10.19,13.3 2 0
projectshell/src/services/commands/service_cd.go:14.2,15.16 2 0
projectshell/src/services/commands/service_cd.go:15.16,18.3 2 0
projectshell/src/services/commands/service_cd.go:19.2,19.51 1 0
projectshell/src/services/commands/service_clear.go:9.81,12.2 2 0
projectshell/src/services/commands/service_echo.go:10.80,14.33 3 0
projectshell/src/services/commands/service_echo.go:14.33,15.37 1 0
projectshell/src/services/commands/service_echo.go:15.37,18.22 2 0
projectshell/src/services/commands/service_echo.go:18.22,19.27 1 0
projectshell/src/services/commands/service_echo.go:19.27,20.19 1 0
projectshell/src/services/commands/service_echo.go:20.19,22.7 1 0
projectshell/src/services/commands/service_echo.go:24.5,26.10 3 0
projectshell/src/services/commands/service_echo.go:28.10,28.28 1 0
projectshell/src/services/commands/service_echo.go:28.28,29.27 1 0
projectshell/src/services/commands/service_echo.go:29.27,30.19 1 0
projectshell/src/services/commands/service_echo.go:30.19,31.105 1 0
projectshell/src/services/commands/service_echo.go:31.105,33.8 1 0
projectshell/src/services/commands/service_echo.go:33.13,35.8 1 0
projectshell/src/services/commands/service_echo.go:36.12,38.7 1 0
projectshell/src/services/commands/service_echo.go:40.5,42.10 3 0
projectshell/src/services/commands/service_echo.go:44.10,44.28 1 0
projectshell/src/services/commands/service_echo.go:44.28,48.10 4 0
projectshell/src/services/commands/service_echo.go:52.3,52.13 1 0
projectshell/src/services/commands/service_echo.go:52.13,53.22 1 0
projectshell/src/services/commands/service_echo.go:53.22,55.5 1 0
projectshell/src/services/commands/service_echo.go:55.10,59.5 2 0
projectshell/src/services/commands/service_exit.go:11.80,13.20 1 1
projectshell/src/services/commands/service_exit.go:13.20,15.3 1 1
projectshell/src/services/commands/service_exit.go:15.8,15.27 1 1
projectshell/src/services/commands/service_exit.go:15.27,17.17 2 1
projectshell/src/services/commands/service_exit.go:17.17,20.4 2 1
projectshell/src/services/commands/service_exit.go:20.9,22.4 1 1
projectshell/src/services/commands/service_exit.go:23.8,26.3 2 1
projectshell/src/services/commands/service_status.go:10.99,15.16 5 0
projectshell/src/services/commands/service_status.go:15.16,18.3 1 0
projectshell/src/services/commands/services_ls.go:9.78,11.16 2 0
projectshell/src/services/commands/services_ls.go:11.16,14.3 2 0
projectshell/src/services/commands/services_ls.go:15.2,15.29 1 0
projectshell/src/services/commands/services_ls.go:15.29,17.3 1 0
projectshell/src/services/commands/services_ls.go:18.2,18.28 1 0
projectshell/src/services/commands/services_pwd.go:9.79,11.16 2 0
projectshell/src/services/commands/services_pwd.go:11.16,13.3 1 0
projectshell/src/services/commands/services_pwd.go:14.2,14.18 1 0
projectshell/src/services/commands/services_type.go:13.80,14.20 1 0
projectshell/src/services/commands/services_type.go:14.20,17.3 2 0
projectshell/src/services/commands/services_type.go:19.2,20.20 2 0
projectshell/src/services/commands/services_type.go:20.20,22.3 1 0
projectshell/src/services/commands/services_type.go:22.8,22.58 1 0
projectshell/src/services/commands/services_type.go:22.58,24.3 1 0
projectshell/src/services/commands/services_type.go:24.8,26.3 1 0
projectshell/src/services/commands/services_type.go:29.33,30.44 1 0
projectshell/src/services/commands/services_type.go:30.44,31.21 1 0
projectshell/src/services/commands/services_type.go:31.21,33.4 1 0
projectshell/src/services/commands/services_type.go:35.2,35.14 1 0
projectshell/src/services/commands/services_type.go:38.48,41.27 3 0
projectshell/src/services/commands/services_type.go:41.27,43.46 2 0
projectshell/src/services/commands/services_type.go:43.46,45.4 1 0
projectshell/src/services/commands/services_type.go:47.2,47.18 1 0
