mode: set
projectshell/src/services/commands/model.go:12.35,14.2 1 0
projectshell/src/services/commands/service_cat.go:9.79,11.20 1 1
projectshell/src/services/commands/service_cat.go:11.20,14.3 2 1
projectshell/src/services/commands/service_cat.go:16.2,16.32 1 1
projectshell/src/services/commands/service_cat.go:16.32,18.17 2 1
projectshell/src/services/commands/service_cat.go:18.17,20.12 2 1
projectshell/src/services/commands/service_cat.go:22.3,24.17 3 1
projectshell/src/services/commands/service_cat.go:24.17,26.12 2 0
projectshell/src/services/commands/service_cat.go:29.3,31.21 2 1
projectshell/src/services/commands/service_cd.go:9.78,11.20 1 1
projectshell/src/services/commands/service_cd.go:11.20,14.3 2 1
projectshell/src/services/commands/service_cd.go:16.2,16.19 1 1
projectshell/src/services/commands/service_cd.go:16.19,19.3 2 1
projectshell/src/services/commands/service_cd.go:21.2,22.16 2 1
projectshell/src/services/commands/service_cd.go:22.16,25.3 2 1
projectshell/src/services/commands/service_cd.go:27.2,27.66 1 1
projectshell/src/services/commands/service_clear.go:10.81,12.22 1 1
projectshell/src/services/commands/service_clear.go:12.22,15.3 2 1
projectshell/src/services/commands/service_clear.go:17.2,18.65 2 1
projectshell/src/services/commands/service_clear.go:18.65,21.3 1 0
projectshell/src/services/commands/service_echo.go:74.80,75.20 1 0
projectshell/src/services/commands/service_echo.go:75.20,78.3 2 0
projectshell/src/services/commands/service_echo.go:81.2,81.19 1 0
projectshell/src/services/commands/service_echo.go:81.19,86.3 3 0
projectshell/src/services/commands/service_echo.go:89.2,93.20 3 0
projectshell/src/services/commands/service_echo.go:93.20,95.3 1 0
projectshell/src/services/commands/service_echo.go:95.8,95.26 1 0
projectshell/src/services/commands/service_echo.go:95.26,98.3 1 0
projectshell/src/services/commands/service_echo.go:98.8,98.40 1 0
projectshell/src/services/commands/service_echo.go:98.40,101.3 1 0
projectshell/src/services/commands/service_echo.go:101.8,104.3 1 0
projectshell/src/services/commands/service_echo.go:107.2,107.36 1 0
projectshell/src/services/commands/service_echo.go:111.48,113.22 2 0
projectshell/src/services/commands/service_echo.go:113.22,114.17 1 0
projectshell/src/services/commands/service_echo.go:114.17,116.4 1 0
projectshell/src/services/commands/service_echo.go:118.2,118.23 1 0
projectshell/src/services/commands/service_echo.go:122.37,125.17 3 0
projectshell/src/services/commands/service_echo.go:125.17,126.35 1 0
projectshell/src/services/commands/service_echo.go:126.35,127.18 1 0
projectshell/src/services/commands/service_echo.go:128.30,130.8 1 0
projectshell/src/services/commands/service_echo.go:133.3,134.6 2 0
projectshell/src/services/commands/service_echo.go:136.2,136.23 1 0
projectshell/src/services/commands/service_echo.go:140.41,142.2 1 0
projectshell/src/services/commands/service_execute.go:10.99,11.20 1 1
projectshell/src/services/commands/service_execute.go:11.20,14.3 2 1
projectshell/src/services/commands/service_execute.go:16.2,21.16 5 1
projectshell/src/services/commands/service_execute.go:21.16,23.3 1 0
projectshell/src/services/commands/service_exit.go:16.80,17.19 1 1
projectshell/src/services/commands/service_exit.go:18.9,19.24 1 1
projectshell/src/services/commands/service_exit.go:20.9,22.17 2 1
projectshell/src/services/commands/service_exit.go:22.17,25.4 2 1
projectshell/src/services/commands/service_exit.go:25.9,27.4 1 1
projectshell/src/services/commands/service_exit.go:28.10,30.27 2 1
projectshell/src/services/commands/service_ls.go:10.78,12.19 1 1
projectshell/src/services/commands/service_ls.go:12.19,15.3 2 1
projectshell/src/services/commands/service_ls.go:17.2,18.16 2 1
projectshell/src/services/commands/service_ls.go:18.16,21.3 2 0
projectshell/src/services/commands/service_ls.go:23.2,24.29 2 1
projectshell/src/services/commands/service_ls.go:24.29,26.3 1 1
projectshell/src/services/commands/service_ls.go:28.2,28.58 1 1
projectshell/src/services/commands/service_pwd.go:10.79,11.19 1 1
projectshell/src/services/commands/service_pwd.go:11.19,14.3 2 1
projectshell/src/services/commands/service_pwd.go:16.2,17.16 2 1
projectshell/src/services/commands/service_pwd.go:17.16,20.3 2 0
projectshell/src/services/commands/service_pwd.go:22.2,22.33 1 1
projectshell/src/services/commands/service_type.go:14.80,16.20 1 1
projectshell/src/services/commands/service_type.go:16.20,19.3 2 1
projectshell/src/services/commands/service_type.go:21.2,22.20 2 1
projectshell/src/services/commands/service_type.go:22.20,24.3 1 1
projectshell/src/services/commands/service_type.go:24.8,24.58 1 1
projectshell/src/services/commands/service_type.go:24.58,26.3 1 1
projectshell/src/services/commands/service_type.go:26.8,28.3 1 1
projectshell/src/services/commands/service_type.go:31.33,32.42 1 1
projectshell/src/services/commands/service_type.go:32.42,33.21 1 1
projectshell/src/services/commands/service_type.go:33.21,35.4 1 1
projectshell/src/services/commands/service_type.go:37.2,37.14 1 1
projectshell/src/services/commands/service_type.go:40.48,43.27 3 1
projectshell/src/services/commands/service_type.go:43.27,45.46 2 1
projectshell/src/services/commands/service_type.go:45.46,47.4 1 1
projectshell/src/services/commands/service_type.go:49.2,49.18 1 1
