mode: set
projectshell/src/services/users/model.go:12.32,14.2 1 1
projectshell/src/services/users/service_adduser.go:11.83,13.37 1 1
projectshell/src/services/users/service_adduser.go:13.37,16.3 2 1
projectshell/src/services/users/service_adduser.go:18.2,24.49 5 1
projectshell/src/services/users/service_adduser.go:24.49,27.3 2 0
projectshell/src/services/users/service_adduser.go:29.2,29.16 1 1
projectshell/src/services/users/service_adduser.go:29.16,30.29 1 1
projectshell/src/services/users/service_adduser.go:30.29,33.4 2 1
projectshell/src/services/users/service_adduser.go:33.9,36.4 1 0
projectshell/src/services/users/service_adduser.go:39.2,40.19 2 1
projectshell/src/services/users/service_adduser.go:40.19,42.3 1 1
projectshell/src/services/users/service_adduser.go:44.2,49.50 2 1
projectshell/src/services/users/service_adduser.go:49.50,52.3 2 0
projectshell/src/services/users/service_adduser.go:54.2,54.58 1 1
projectshell/src/services/users/service_login.go:9.81,11.41 1 1
projectshell/src/services/users/service_login.go:11.41,14.3 2 1
projectshell/src/services/users/service_login.go:16.2,18.19 3 1
projectshell/src/services/users/service_login.go:18.19,20.3 1 1
projectshell/src/services/users/service_login.go:22.2,23.23 2 1
projectshell/src/services/users/service_login.go:23.23,26.3 2 1
projectshell/src/services/users/service_login.go:28.2,28.31 1 1
projectshell/src/services/users/service_login.go:28.31,30.3 1 1
projectshell/src/services/users/service_login.go:31.2,31.26 1 1
projectshell/src/services/users/service_login.go:35.64,39.105 3 1
projectshell/src/services/users/service_login.go:39.105,41.3 1 1
projectshell/src/services/users/service_login.go:43.2,43.18 1 1
projectshell/src/services/users/service_logout.go:5.82,9.23 2 1
projectshell/src/services/users/service_logout.go:9.23,11.3 1 0
projectshell/src/services/users/service_logout.go:13.2,16.21 4 1
projectshell/src/services/users/session.go:11.38,15.2 3 1
projectshell/src/services/users/session.go:18.43,23.2 4 1
projectshell/src/services/users/session.go:26.36,30.2 3 1
projectshell/src/services/users/session.go:33.38,37.2 3 1
