mode: set
projectshell/src/services/history/service_add_history.go:12.32,14.26 1 0
projectshell/src/services/history/service_add_history.go:14.26,16.3 1 0
projectshell/src/services/history/service_add_history.go:18.2,21.23 3 0
projectshell/src/services/history/service_add_history.go:21.23,24.3 2 0
projectshell/src/services/history/service_add_history.go:24.8,27.3 2 0
projectshell/src/services/history/service_add_history.go:30.49,38.53 3 0
projectshell/src/services/history/service_add_history.go:38.53,41.3 2 0
projectshell/src/services/history/service_history.go:121.83,124.46 2 1
projectshell/src/services/history/service_history.go:124.46,127.3 2 0
projectshell/src/services/history/service_history.go:129.2,130.16 2 1
projectshell/src/services/history/service_history.go:130.16,133.3 2 0
projectshell/src/services/history/service_history.go:135.2,135.23 1 1
projectshell/src/services/history/service_history.go:135.23,138.3 2 0
projectshell/src/services/history/service_history.go:140.2,141.50 2 1
projectshell/src/services/history/service_history.go:144.27,146.23 2 1
projectshell/src/services/history/service_history.go:146.23,148.3 1 0
projectshell/src/services/history/service_history.go:149.2,149.37 1 1
projectshell/src/services/history/service_history.go:152.69,157.2 4 1
projectshell/src/services/history/service_history.go:159.87,161.35 2 1
projectshell/src/services/history/service_history.go:161.35,162.54 1 1
projectshell/src/services/history/service_history.go:162.54,166.4 3 1
projectshell/src/services/history/service_history.go:166.9,168.4 1 1
projectshell/src/services/history/service_history.go:170.2,170.19 1 1
projectshell/src/services/history/service_history.go:173.85,179.31 4 1
projectshell/src/services/history/service_history.go:179.31,181.3 1 1
projectshell/src/services/history/service_history.go:184.58,186.31 2 1
projectshell/src/services/history/service_history.go:186.31,188.3 1 1
projectshell/src/services/history/service_history.go:189.2,189.41 1 1
projectshell/src/services/history/service_history.go:189.41,190.53 1 1
projectshell/src/services/history/service_history.go:190.53,192.4 1 0
projectshell/src/services/history/service_history.go:193.3,193.55 1 1
projectshell/src/services/history/service_history.go:195.2,195.15 1 1
